2019-11-30 15:36:00,977 : WARN  : ModalContext :  : Node : CSV Reader : 0:1 : No settings available
2019-11-30 15:36:04,916 : WARN  : ModalContext :  : VMFileLocker :  :  : Directory 'C:\DATOS\GITHUB_REPOS\bolsa\wksp_knime\Example Workflows\Basic Examples\Building a Simple Classifier' does not exist, cannot lock it
2019-11-30 15:37:49,073 : ERROR : KNIME-Worker-2 :  : Node : CSV Reader : 0:1 : Execute failed: Too few data elements (line: 20 (NASDAQ;PT;20191126170000;2;400000;2019;11;26;17;0;19;0), source: 'file:/C:/DATOS/GITHUB_REPOS/bolsa/knime_mockdata/bolsa_mock_precios.csv')
org.knime.base.node.io.filereader.FileReaderException: Too few data elements (line: 20 (NASDAQ;PT;20191126170000;2;400000;2019;11;26;17;0;19;0), source: 'file:/C:/DATOS/GITHUB_REPOS/bolsa/knime_mockdata/bolsa_mock_precios.csv')
	at org.knime.base.node.io.filereader.FileRowIterator.prepareForException(FileRowIterator.java:670)
	at org.knime.base.node.io.filereader.FileRowIterator.next(FileRowIterator.java:412)
	at org.knime.core.node.ExecutionContext.createBufferedDataTable(ExecutionContext.java:260)
	at org.knime.base.node.io.csvreader.CSVReaderNodeModel.execute(CSVReaderNodeModel.java:130)
	at org.knime.core.node.NodeModel.execute(NodeModel.java:733)
	at org.knime.core.node.NodeModel.executeModel(NodeModel.java:567)
	at org.knime.core.node.Node.invokeFullyNodeModelExecute(Node.java:1192)
	at org.knime.core.node.Node.execute(Node.java:979)
	at org.knime.core.node.workflow.NativeNodeContainer.performExecuteNode(NativeNodeContainer.java:559)
	at org.knime.core.node.exec.LocalNodeExecutionJob.mainExecute(LocalNodeExecutionJob.java:95)
	at org.knime.core.node.workflow.NodeExecutionJob.internalRun(NodeExecutionJob.java:179)
	at org.knime.core.node.workflow.NodeExecutionJob.run(NodeExecutionJob.java:110)
	at org.knime.core.util.ThreadUtils$RunnableWithContextImpl.runWithContext(ThreadUtils.java:328)
	at org.knime.core.util.ThreadUtils$RunnableWithContext.run(ThreadUtils.java:204)
	at java.util.concurrent.Executors$RunnableAdapter.call(Executors.java:511)
	at java.util.concurrent.FutureTask.run(FutureTask.java:266)
	at org.knime.core.util.ThreadPool$MyFuture.run(ThreadPool.java:123)
	at org.knime.core.util.ThreadPool$Worker.run(ThreadPool.java:246)
2019-11-30 15:38:17,795 : ERROR : KNIME-Worker-3 :  : Node : CSV Reader : 0:1 : Execute failed: Too few data elements (line: 1 (mercado;ticker;instante;precio;volumen;anio;mes;dia;hora;minuto;num vela ordenada;precio 1dias atras;precio 2dias atras;precio 3dias atras;precio 7dias atras;volumen 1dias atras;volumen 2dias atras;volumen 3dias atras;volumen 7dias atras;preciosubemas20pct que2diasatras;TARGET (preciosubemas20pct que2diasatras y estable3velas)), source: 'file:/C:/DATOS/GITHUB_REPOS/bolsa/knime_mockdata/bolsa_mock_precios.csv')
org.knime.base.node.io.filereader.FileReaderException: Too few data elements (line: 1 (mercado;ticker;instante;precio;volumen;anio;mes;dia;hora;minuto;num vela ordenada;precio 1dias atras;precio 2dias atras;precio 3dias atras;precio 7dias atras;volumen 1dias atras;volumen 2dias atras;volumen 3dias atras;volumen 7dias atras;preciosubemas20pct que2diasatras;TARGET (preciosubemas20pct que2diasatras y estable3velas)), source: 'file:/C:/DATOS/GITHUB_REPOS/bolsa/knime_mockdata/bolsa_mock_precios.csv')
	at org.knime.base.node.io.filereader.FileRowIterator.prepareForException(FileRowIterator.java:670)
	at org.knime.base.node.io.filereader.FileRowIterator.next(FileRowIterator.java:412)
	at org.knime.core.node.ExecutionContext.createBufferedDataTable(ExecutionContext.java:260)
	at org.knime.base.node.io.csvreader.CSVReaderNodeModel.execute(CSVReaderNodeModel.java:130)
	at org.knime.core.node.NodeModel.execute(NodeModel.java:733)
	at org.knime.core.node.NodeModel.executeModel(NodeModel.java:567)
	at org.knime.core.node.Node.invokeFullyNodeModelExecute(Node.java:1192)
	at org.knime.core.node.Node.execute(Node.java:979)
	at org.knime.core.node.workflow.NativeNodeContainer.performExecuteNode(NativeNodeContainer.java:559)
	at org.knime.core.node.exec.LocalNodeExecutionJob.mainExecute(LocalNodeExecutionJob.java:95)
	at org.knime.core.node.workflow.NodeExecutionJob.internalRun(NodeExecutionJob.java:179)
	at org.knime.core.node.workflow.NodeExecutionJob.run(NodeExecutionJob.java:110)
	at org.knime.core.util.ThreadUtils$RunnableWithContextImpl.runWithContext(ThreadUtils.java:328)
	at org.knime.core.util.ThreadUtils$RunnableWithContext.run(ThreadUtils.java:204)
	at java.util.concurrent.Executors$RunnableAdapter.call(Executors.java:511)
	at java.util.concurrent.FutureTask.run(FutureTask.java:266)
	at org.knime.core.util.ThreadPool$MyFuture.run(ThreadPool.java:123)
	at org.knime.core.util.ThreadPool$Worker.run(ThreadPool.java:246)
2019-11-30 15:38:41,139 : ERROR : KNIME-Worker-2 :  : Node : CSV Reader : 0:1 : Execute failed: Too few data elements (line: 1 (mercado;ticker;instante;precio;volumen;anio;mes;dia;hora;minuto;num vela ordenada;precio 1dias atras;precio 2dias atras;precio 3dias atras;precio 7dias atras;volumen 1dias atras;volumen 2dias atras;volumen 3dias atras;volumen 7dias atras;preciosubemas20pct que2diasatras;TARGET (preciosubemas20pct que2diasatras y estable3velas)), source: 'file:/C:/DATOS/GITHUB_REPOS/bolsa/knime_mockdata/bolsa_mock_precios.csv')
org.knime.base.node.io.filereader.FileReaderException: Too few data elements (line: 1 (mercado;ticker;instante;precio;volumen;anio;mes;dia;hora;minuto;num vela ordenada;precio 1dias atras;precio 2dias atras;precio 3dias atras;precio 7dias atras;volumen 1dias atras;volumen 2dias atras;volumen 3dias atras;volumen 7dias atras;preciosubemas20pct que2diasatras;TARGET (preciosubemas20pct que2diasatras y estable3velas)), source: 'file:/C:/DATOS/GITHUB_REPOS/bolsa/knime_mockdata/bolsa_mock_precios.csv')
	at org.knime.base.node.io.filereader.FileRowIterator.prepareForException(FileRowIterator.java:670)
	at org.knime.base.node.io.filereader.FileRowIterator.next(FileRowIterator.java:412)
	at org.knime.core.node.ExecutionContext.createBufferedDataTable(ExecutionContext.java:260)
	at org.knime.base.node.io.csvreader.CSVReaderNodeModel.execute(CSVReaderNodeModel.java:130)
	at org.knime.core.node.NodeModel.execute(NodeModel.java:733)
	at org.knime.core.node.NodeModel.executeModel(NodeModel.java:567)
	at org.knime.core.node.Node.invokeFullyNodeModelExecute(Node.java:1192)
	at org.knime.core.node.Node.execute(Node.java:979)
	at org.knime.core.node.workflow.NativeNodeContainer.performExecuteNode(NativeNodeContainer.java:559)
	at org.knime.core.node.exec.LocalNodeExecutionJob.mainExecute(LocalNodeExecutionJob.java:95)
	at org.knime.core.node.workflow.NodeExecutionJob.internalRun(NodeExecutionJob.java:179)
	at org.knime.core.node.workflow.NodeExecutionJob.run(NodeExecutionJob.java:110)
	at org.knime.core.util.ThreadUtils$RunnableWithContextImpl.runWithContext(ThreadUtils.java:328)
	at org.knime.core.util.ThreadUtils$RunnableWithContext.run(ThreadUtils.java:204)
	at java.util.concurrent.Executors$RunnableAdapter.call(Executors.java:511)
	at java.util.concurrent.FutureTask.run(FutureTask.java:266)
	at org.knime.core.util.ThreadPool$MyFuture.run(ThreadPool.java:123)
	at org.knime.core.util.ThreadPool$Worker.run(ThreadPool.java:246)
2019-11-30 15:39:11,452 : ERROR : KNIME-Worker-3 :  : Node : CSV Reader : 0:1 : Execute failed: Too few data elements (line: 1 (mercado), source: 'file:/C:/DATOS/GITHUB_REPOS/bolsa/knime_mockdata/bolsa_mock_precios.csv')
org.knime.base.node.io.filereader.FileReaderException: Too few data elements (line: 1 (mercado), source: 'file:/C:/DATOS/GITHUB_REPOS/bolsa/knime_mockdata/bolsa_mock_precios.csv')
	at org.knime.base.node.io.filereader.FileRowIterator.prepareForException(FileRowIterator.java:670)
	at org.knime.base.node.io.filereader.FileRowIterator.next(FileRowIterator.java:412)
	at org.knime.core.node.ExecutionContext.createBufferedDataTable(ExecutionContext.java:260)
	at org.knime.base.node.io.csvreader.CSVReaderNodeModel.execute(CSVReaderNodeModel.java:130)
	at org.knime.core.node.NodeModel.execute(NodeModel.java:733)
	at org.knime.core.node.NodeModel.executeModel(NodeModel.java:567)
	at org.knime.core.node.Node.invokeFullyNodeModelExecute(Node.java:1192)
	at org.knime.core.node.Node.execute(Node.java:979)
	at org.knime.core.node.workflow.NativeNodeContainer.performExecuteNode(NativeNodeContainer.java:559)
	at org.knime.core.node.exec.LocalNodeExecutionJob.mainExecute(LocalNodeExecutionJob.java:95)
	at org.knime.core.node.workflow.NodeExecutionJob.internalRun(NodeExecutionJob.java:179)
	at org.knime.core.node.workflow.NodeExecutionJob.run(NodeExecutionJob.java:110)
	at org.knime.core.util.ThreadUtils$RunnableWithContextImpl.runWithContext(ThreadUtils.java:328)
	at org.knime.core.util.ThreadUtils$RunnableWithContext.run(ThreadUtils.java:204)
	at java.util.concurrent.Executors$RunnableAdapter.call(Executors.java:511)
	at java.util.concurrent.FutureTask.run(FutureTask.java:266)
	at org.knime.core.util.ThreadPool$MyFuture.run(ThreadPool.java:123)
	at org.knime.core.util.ThreadPool$Worker.run(ThreadPool.java:246)
2019-11-30 15:39:39,712 : ERROR : KNIME-Worker-2 :  : Node : CSV Reader : 0:1 : Execute failed: Too few data elements (line: 1 (Row0), source: 'file:/C:/DATOS/GITHUB_REPOS/bolsa/knime_mockdata/bolsa_mock_precios.csv')
org.knime.base.node.io.filereader.FileReaderException: Too few data elements (line: 1 (Row0), source: 'file:/C:/DATOS/GITHUB_REPOS/bolsa/knime_mockdata/bolsa_mock_precios.csv')
	at org.knime.base.node.io.filereader.FileRowIterator.prepareForException(FileRowIterator.java:670)
	at org.knime.base.node.io.filereader.FileRowIterator.next(FileRowIterator.java:412)
	at org.knime.core.node.ExecutionContext.createBufferedDataTable(ExecutionContext.java:260)
	at org.knime.base.node.io.csvreader.CSVReaderNodeModel.execute(CSVReaderNodeModel.java:130)
	at org.knime.core.node.NodeModel.execute(NodeModel.java:733)
	at org.knime.core.node.NodeModel.executeModel(NodeModel.java:567)
	at org.knime.core.node.Node.invokeFullyNodeModelExecute(Node.java:1192)
	at org.knime.core.node.Node.execute(Node.java:979)
	at org.knime.core.node.workflow.NativeNodeContainer.performExecuteNode(NativeNodeContainer.java:559)
	at org.knime.core.node.exec.LocalNodeExecutionJob.mainExecute(LocalNodeExecutionJob.java:95)
	at org.knime.core.node.workflow.NodeExecutionJob.internalRun(NodeExecutionJob.java:179)
	at org.knime.core.node.workflow.NodeExecutionJob.run(NodeExecutionJob.java:110)
	at org.knime.core.util.ThreadUtils$RunnableWithContextImpl.runWithContext(ThreadUtils.java:328)
	at org.knime.core.util.ThreadUtils$RunnableWithContext.run(ThreadUtils.java:204)
	at java.util.concurrent.Executors$RunnableAdapter.call(Executors.java:511)
	at java.util.concurrent.FutureTask.run(FutureTask.java:266)
	at org.knime.core.util.ThreadPool$MyFuture.run(ThreadPool.java:123)
	at org.knime.core.util.ThreadPool$Worker.run(ThreadPool.java:246)
2019-11-30 15:39:53,577 : ERROR : KNIME-Worker-3 :  : Node : CSV Reader : 0:1 : Execute failed: Too few data elements (line: 23 (NASDAQ), source: 'file:/C:/DATOS/GITHUB_REPOS/bolsa/knime_mockdata/bolsa_mock_precios.csv')
org.knime.base.node.io.filereader.FileReaderException: Too few data elements (line: 23 (NASDAQ), source: 'file:/C:/DATOS/GITHUB_REPOS/bolsa/knime_mockdata/bolsa_mock_precios.csv')
	at org.knime.base.node.io.filereader.FileRowIterator.prepareForException(FileRowIterator.java:670)
	at org.knime.base.node.io.filereader.FileRowIterator.next(FileRowIterator.java:412)
	at org.knime.core.node.ExecutionContext.createBufferedDataTable(ExecutionContext.java:260)
	at org.knime.base.node.io.csvreader.CSVReaderNodeModel.execute(CSVReaderNodeModel.java:130)
	at org.knime.core.node.NodeModel.execute(NodeModel.java:733)
	at org.knime.core.node.NodeModel.executeModel(NodeModel.java:567)
	at org.knime.core.node.Node.invokeFullyNodeModelExecute(Node.java:1192)
	at org.knime.core.node.Node.execute(Node.java:979)
	at org.knime.core.node.workflow.NativeNodeContainer.performExecuteNode(NativeNodeContainer.java:559)
	at org.knime.core.node.exec.LocalNodeExecutionJob.mainExecute(LocalNodeExecutionJob.java:95)
	at org.knime.core.node.workflow.NodeExecutionJob.internalRun(NodeExecutionJob.java:179)
	at org.knime.core.node.workflow.NodeExecutionJob.run(NodeExecutionJob.java:110)
	at org.knime.core.util.ThreadUtils$RunnableWithContextImpl.runWithContext(ThreadUtils.java:328)
	at org.knime.core.util.ThreadUtils$RunnableWithContext.run(ThreadUtils.java:204)
	at java.util.concurrent.Executors$RunnableAdapter.call(Executors.java:511)
	at java.util.concurrent.FutureTask.run(FutureTask.java:266)
	at org.knime.core.util.ThreadPool$MyFuture.run(ThreadPool.java:123)
	at org.knime.core.util.ThreadPool$Worker.run(ThreadPool.java:246)
2019-11-30 15:40:12,035 : ERROR : KNIME-Worker-2 :  : Node : CSV Reader : 0:1 : Execute failed: Too few data elements (line: 1 (mercado), source: 'file:/C:/DATOS/GITHUB_REPOS/bolsa/knime_mockdata/bolsa_mock_precios.csv')
org.knime.base.node.io.filereader.FileReaderException: Too few data elements (line: 1 (mercado), source: 'file:/C:/DATOS/GITHUB_REPOS/bolsa/knime_mockdata/bolsa_mock_precios.csv')
	at org.knime.base.node.io.filereader.FileRowIterator.prepareForException(FileRowIterator.java:670)
	at org.knime.base.node.io.filereader.FileRowIterator.next(FileRowIterator.java:412)
	at org.knime.core.node.ExecutionContext.createBufferedDataTable(ExecutionContext.java:260)
	at org.knime.base.node.io.csvreader.CSVReaderNodeModel.execute(CSVReaderNodeModel.java:130)
	at org.knime.core.node.NodeModel.execute(NodeModel.java:733)
	at org.knime.core.node.NodeModel.executeModel(NodeModel.java:567)
	at org.knime.core.node.Node.invokeFullyNodeModelExecute(Node.java:1192)
	at org.knime.core.node.Node.execute(Node.java:979)
	at org.knime.core.node.workflow.NativeNodeContainer.performExecuteNode(NativeNodeContainer.java:559)
	at org.knime.core.node.exec.LocalNodeExecutionJob.mainExecute(LocalNodeExecutionJob.java:95)
	at org.knime.core.node.workflow.NodeExecutionJob.internalRun(NodeExecutionJob.java:179)
	at org.knime.core.node.workflow.NodeExecutionJob.run(NodeExecutionJob.java:110)
	at org.knime.core.util.ThreadUtils$RunnableWithContextImpl.runWithContext(ThreadUtils.java:328)
	at org.knime.core.util.ThreadUtils$RunnableWithContext.run(ThreadUtils.java:204)
	at java.util.concurrent.Executors$RunnableAdapter.call(Executors.java:511)
	at java.util.concurrent.FutureTask.run(FutureTask.java:266)
	at org.knime.core.util.ThreadPool$MyFuture.run(ThreadPool.java:123)
	at org.knime.core.util.ThreadPool$Worker.run(ThreadPool.java:246)
2019-11-30 15:40:26,028 : WARN  : main :  : Node : File Reader : 0:10 : No Settings available.
2019-11-30 16:01:17,046 : WARN  : main :  : WrappedNodeDialog : PCA : 0:11 : failed to apply settings: There are no columns selected. Please select at least one.
org.knime.core.node.InvalidSettingsException: There are no columns selected. Please select at least one.
	at org.knime.base.node.mine.transformation.pca.perform.DimensionSelectionPanel.validateBeforeSave(DimensionSelectionPanel.java:268)
	at org.knime.base.node.mine.transformation.pca.perform.DimensionSelectionPanel.saveSettingsTo(DimensionSelectionPanel.java:343)
	at org.knime.base.node.mine.transformation.pca.perform.PCA2NodeDialog.saveSettingsTo(PCA2NodeDialog.java:130)
	at org.knime.core.node.NodeDialogPane.internalSaveSettingsTo(NodeDialogPane.java:485)
	at org.knime.core.node.NodeDialogPane$5.run(NodeDialogPane.java:722)
	at org.knime.core.node.util.ViewUtils$3.run(ViewUtils.java:353)
	at org.knime.core.node.util.ViewUtils$2.run(ViewUtils.java:155)
	at java.awt.event.InvocationEvent.dispatch(InvocationEvent.java:311)
	at java.awt.EventQueue.dispatchEventImpl(EventQueue.java:758)
	at java.awt.EventQueue.access$500(EventQueue.java:97)
	at java.awt.EventQueue$3.run(EventQueue.java:709)
	at java.awt.EventQueue$3.run(EventQueue.java:703)
	at java.security.AccessController.doPrivileged(Native Method)
	at java.security.ProtectionDomain$JavaSecurityAccessImpl.doIntersectionPrivilege(ProtectionDomain.java:74)
	at java.awt.EventQueue.dispatchEvent(EventQueue.java:728)
	at java.awt.EventDispatchThread.pumpOneEventForFilters(EventDispatchThread.java:205)
	at java.awt.EventDispatchThread.pumpEventsForFilter(EventDispatchThread.java:116)
	at java.awt.EventDispatchThread.pumpEventsForHierarchy(EventDispatchThread.java:105)
	at java.awt.EventDispatchThread.pumpEvents(EventDispatchThread.java:101)
	at java.awt.EventDispatchThread.pumpEvents(EventDispatchThread.java:93)
	at java.awt.EventDispatchThread.run(EventDispatchThread.java:82)
2019-11-30 16:05:52,800 : WARN  : ModalContext :  : Node : File Reader : 2:169:5 : Can't access 'knime://knime.workflow/KDD_data/smallDataSet/orange_small_train_.labels'. (C:\Users\casa\AppData\Local\Temp\knime_temp_space_casa_73000\02_Techniques_for_Dimensionality_Reduction73002\02_Techniques_for_Dimensionality_Reduction\KDD_data\smallDataSet\orange_small_train_.labels (The system cannot find the file specified))
2019-11-30 16:05:53,056 : WARN  : ModalContext :  : WorkflowManager : Reduction based on Low Variance : 2:347 : Unable to insert connection "[343(1) -> 272( 1)]"
2019-11-30 16:05:53,596 : WARN  : ModalContext :  : WorkflowManager : Reduction based on High Corr. : 2:348 : Unable to insert connection "[348(1) -> 272( 1)]"
2019-11-30 16:05:54,452 : WARN  : ModalContext :  : WorkflowManager : Reduction based on Missing Values : 2:337 : Unable to insert connection "[274(1) -> 272( 1)]"
2019-11-30 16:05:55,224 : WARN  : ModalContext :  : WorkflowManager : Auto-encoder based Reduction : 2:0 : Unable to insert connection "[347(1) -> 333( 0)]"
2019-11-30 16:05:56,867 : WARN  : ModalContext :  : WorkflowManager : Reduction based on t-SNE : 2:365 : Unable to insert connection "[367(1) -> 272( 1)]"
2019-11-30 16:05:58,859 : ERROR : ModalContext :  : LoadWorkflowRunnable :  :  : Errors during load: Status: DataLoadError: 02_Techniques_for_Dimensionality_Reduction 2 loaded with error during data load
2019-11-30 16:05:58,859 : ERROR : ModalContext :  : LoadWorkflowRunnable :  :  :   Status: DataLoadError: 02_Techniques_for_Dimensionality_Reduction 2
2019-11-30 16:05:58,859 : ERROR : ModalContext :  : LoadWorkflowRunnable :  :  :     Status: DataLoadError: Reduction based on Low Variance 2:347
2019-11-30 16:05:58,859 : ERROR : ModalContext :  : LoadWorkflowRunnable :  :  :       Status: DataLoadError: Find best threshold for variance 2:347:0:344
2019-11-30 16:05:58,859 : ERROR : ModalContext :  : LoadWorkflowRunnable :  :  :         Status: Error: Node "Parameter Optimization Loop Start" not available from extension "KNIME Optimization extension" (provided by "KNIME AG, Zurich, Switzerland"; plugin "org.knime.optimization" is not installed)
2019-11-30 16:05:58,859 : ERROR : ModalContext :  : LoadWorkflowRunnable :  :  :         Status: Error: Node "Parameter Optimization Loop End" not available from extension "KNIME Optimization extension" (provided by "KNIME AG, Zurich, Switzerland"; plugin "org.knime.optimization" is not installed)
2019-11-30 16:05:58,859 : ERROR : ModalContext :  : LoadWorkflowRunnable :  :  :         Status: Error: Unable to insert connection "[343(1) -> 272( 1)]"
2019-11-30 16:05:58,859 : ERROR : ModalContext :  : LoadWorkflowRunnable :  :  :         Status: DataLoadError: MISSING Parameter Optimization Loop End 2:347:0:344:272
2019-11-30 16:05:58,859 : ERROR : ModalContext :  : LoadWorkflowRunnable :  :  :           Status: DataLoadError: Unable to load port content for node "MISSING Parameter Optimization Loop End": Invalid outport index in settings: 2
2019-11-30 16:05:58,859 : ERROR : ModalContext :  : LoadWorkflowRunnable :  :  :     Status: DataLoadError: Reduction based on High Corr. 2:348
2019-11-30 16:05:58,859 : ERROR : ModalContext :  : LoadWorkflowRunnable :  :  :       Status: DataLoadError: Optimize correlation threshold 2:348:0:347
2019-11-30 16:05:58,863 : ERROR : ModalContext :  : LoadWorkflowRunnable :  :  :         Status: Error: Node "Parameter Optimization Loop Start" not available from extension "KNIME Optimization extension" (provided by "KNIME AG, Zurich, Switzerland"; plugin "org.knime.optimization" is not installed)
2019-11-30 16:05:58,863 : ERROR : ModalContext :  : LoadWorkflowRunnable :  :  :         Status: Error: Node "Parameter Optimization Loop End" not available from extension "KNIME Optimization extension" (provided by "KNIME AG, Zurich, Switzerland"; plugin "org.knime.optimization" is not installed)
2019-11-30 16:05:58,863 : ERROR : ModalContext :  : LoadWorkflowRunnable :  :  :         Status: Error: Unable to insert connection "[348(1) -> 272( 1)]"
2019-11-30 16:05:58,863 : ERROR : ModalContext :  : LoadWorkflowRunnable :  :  :         Status: DataLoadError: MISSING Parameter Optimization Loop End 2:348:0:347:272
2019-11-30 16:05:58,863 : ERROR : ModalContext :  : LoadWorkflowRunnable :  :  :           Status: DataLoadError: Unable to load port content for node "MISSING Parameter Optimization Loop End": Invalid outport index in settings: 2
2019-11-30 16:05:58,863 : ERROR : ModalContext :  : LoadWorkflowRunnable :  :  :     Status: DataLoadError: Reduction based on Missing Values 2:337
2019-11-30 16:05:58,863 : ERROR : ModalContext :  : LoadWorkflowRunnable :  :  :       Status: DataLoadError: best threshold on missing values 2:337:0:273
2019-11-30 16:05:58,863 : ERROR : ModalContext :  : LoadWorkflowRunnable :  :  :         Status: Error: Node "Parameter Optimization Loop Start" not available from extension "KNIME Optimization extension" (provided by "KNIME AG, Zurich, Switzerland"; plugin "org.knime.optimization" is not installed)
2019-11-30 16:05:58,863 : ERROR : ModalContext :  : LoadWorkflowRunnable :  :  :         Status: Error: Node "Parameter Optimization Loop End" not available from extension "KNIME Optimization extension" (provided by "KNIME AG, Zurich, Switzerland"; plugin "org.knime.optimization" is not installed)
2019-11-30 16:05:58,863 : ERROR : ModalContext :  : LoadWorkflowRunnable :  :  :         Status: Error: Unable to insert connection "[274(1) -> 272( 1)]"
2019-11-30 16:05:58,863 : ERROR : ModalContext :  : LoadWorkflowRunnable :  :  :         Status: DataLoadError: MISSING Parameter Optimization Loop End 2:337:0:273:272
2019-11-30 16:05:58,863 : ERROR : ModalContext :  : LoadWorkflowRunnable :  :  :           Status: DataLoadError: Unable to load port content for node "MISSING Parameter Optimization Loop End": Invalid outport index in settings: 2
2019-11-30 16:05:58,863 : ERROR : ModalContext :  : LoadWorkflowRunnable :  :  :     Status: Error: Auto-encoder based Reduction 2:0
2019-11-30 16:05:58,863 : ERROR : ModalContext :  : LoadWorkflowRunnable :  :  :       Status: Error: Node "Keras Input Layer" not available from extension "KNIME Deep Learning - Keras Integration" (provided by "KNIME AG, Zurich, Switzerland"; plugin "org.knime.dl.keras" is not installed)
2019-11-30 16:05:58,863 : ERROR : ModalContext :  : LoadWorkflowRunnable :  :  :       Status: Error: metanode with ID suffix 333
2019-11-30 16:05:58,863 : ERROR : ModalContext :  : LoadWorkflowRunnable :  :  :         Status: Error: Can't load workflow inport (internal ID "inport_0", skipping it: Unable to restore port type, can't load class "org.knime.dl.keras.base.portobjects.DLKerasNetworkPortObjectBase"
2019-11-30 16:05:58,863 : ERROR : ModalContext :  : LoadWorkflowRunnable :  :  :         Status: Error: Assigning fallback port type for missing input port 0
2019-11-30 16:05:58,863 : ERROR : ModalContext :  : LoadWorkflowRunnable :  :  :         Status: Error: Can't load workflow outport (internal ID "outport_1", skipping it: Unable to restore port type, can't load class "org.knime.dl.keras.base.portobjects.DLKerasNetworkPortObject"
2019-11-30 16:05:58,863 : ERROR : ModalContext :  : LoadWorkflowRunnable :  :  :         Status: Error: Assigning fallback port type for missing output port 1
2019-11-30 16:05:58,863 : ERROR : ModalContext :  : LoadWorkflowRunnable :  :  :       Status: Error: metanode with ID suffix 334
2019-11-30 16:05:58,863 : ERROR : ModalContext :  : LoadWorkflowRunnable :  :  :         Status: Error: Can't load workflow inport (internal ID "inport_0", skipping it: Unable to restore port type, can't load class "org.knime.dl.keras.base.portobjects.DLKerasNetworkPortObjectBase"
2019-11-30 16:05:58,863 : ERROR : ModalContext :  : LoadWorkflowRunnable :  :  :         Status: Error: Assigning fallback port type for missing input port 0
2019-11-30 16:05:58,863 : ERROR : ModalContext :  : LoadWorkflowRunnable :  :  :       Status: Error: Node "Keras Dense Layer" not available from extension "KNIME Deep Learning - Keras Integration" (provided by "KNIME AG, Zurich, Switzerland"; plugin "org.knime.dl.keras" is not installed)
2019-11-30 16:05:58,863 : ERROR : ModalContext :  : LoadWorkflowRunnable :  :  :       Status: Error: Node "Keras Dense Layer" not available from extension "KNIME Deep Learning - Keras Integration" (provided by "KNIME AG, Zurich, Switzerland"; plugin "org.knime.dl.keras" is not installed)
2019-11-30 16:05:58,863 : ERROR : ModalContext :  : LoadWorkflowRunnable :  :  :       Status: Error: Node "Keras Dense Layer" not available from extension "KNIME Deep Learning - Keras Integration" (provided by "KNIME AG, Zurich, Switzerland"; plugin "org.knime.dl.keras" is not installed)
2019-11-30 16:05:58,863 : ERROR : ModalContext :  : LoadWorkflowRunnable :  :  :       Status: Error: Node "Keras Dense Layer" not available from extension "KNIME Deep Learning - Keras Integration" (provided by "KNIME AG, Zurich, Switzerland"; plugin "org.knime.dl.keras" is not installed)
2019-11-30 16:05:58,863 : ERROR : ModalContext :  : LoadWorkflowRunnable :  :  :       Status: Error: Unable to insert connection "[347(1) -> 333( 0)]"
2019-11-30 16:05:58,863 : ERROR : ModalContext :  : LoadWorkflowRunnable :  :  :       Status: Error: Autoencoder training 2:0:0:333
2019-11-30 16:05:58,863 : ERROR : ModalContext :  : LoadWorkflowRunnable :  :  :         Status: Error: Node "Keras Network Learner" not available from extension "KNIME Deep Learning - Keras Integration" (provided by "KNIME AG, Zurich, Switzerland"; plugin "org.knime.dl.keras" is not installed)
2019-11-30 16:05:58,863 : ERROR : ModalContext :  : LoadWorkflowRunnable :  :  :         Status: Error: Node "Keras Network Executor" not available from extension "KNIME Deep Learning - Keras Integration" (provided by "KNIME AG, Zurich, Switzerland"; plugin "org.knime.dl.keras" is not installed)
2019-11-30 16:05:58,867 : ERROR : ModalContext :  : LoadWorkflowRunnable :  :  :       Status: Error: Autoencoder output 2:0:0:334
2019-11-30 16:05:58,867 : ERROR : ModalContext :  : LoadWorkflowRunnable :  :  :         Status: Error: Node "Keras Network Executor" not available from extension "KNIME Deep Learning - Keras Integration" (provided by "KNIME AG, Zurich, Switzerland"; plugin "org.knime.dl.keras" is not installed)
2019-11-30 16:05:58,867 : ERROR : ModalContext :  : LoadWorkflowRunnable :  :  :     Status: Error: Reduction based on LDA 2:363
2019-11-30 16:05:58,867 : ERROR : ModalContext :  : LoadWorkflowRunnable :  :  :       Status: Error: Dimesionality Reduction (LDA) 2:363:0:0
2019-11-30 16:05:58,867 : ERROR : ModalContext :  : LoadWorkflowRunnable :  :  :         Status: Error: Node "Linear Discriminant Analysis Compute" not available from extension "KNIME Statistics Nodes (Labs)" (provided by "KNIME AG, Zurich, Switzerland"; plugin "org.knime.stats2" is not installed)
2019-11-30 16:05:58,867 : ERROR : ModalContext :  : LoadWorkflowRunnable :  :  :         Status: Error: Node "Linear Discriminant Analysis Apply" not available from extension "KNIME Statistics Nodes (Labs)" (provided by "KNIME AG, Zurich, Switzerland"; plugin "org.knime.stats2" is not installed)
2019-11-30 16:05:58,867 : ERROR : ModalContext :  : LoadWorkflowRunnable :  :  :         Status: Error: Reduce dimensions by PCA 2:363:0:0:0:349
2019-11-30 16:05:58,867 : ERROR : ModalContext :  : LoadWorkflowRunnable :  :  :           Status: Error: Node "Linear Discriminant Analysis Compute" not available from extension "KNIME Statistics Nodes (Labs)" (provided by "KNIME AG, Zurich, Switzerland"; plugin "org.knime.stats2" is not installed)
2019-11-30 16:05:58,867 : ERROR : ModalContext :  : LoadWorkflowRunnable :  :  :           Status: Error: Node "Empty Table Creator" not available from extension "KNIME Data Generation" (provided by "KNIME AG, Zurich, Switzerland"; plugin "org.knime.datageneration" is not installed)
2019-11-30 16:05:58,867 : ERROR : ModalContext :  : LoadWorkflowRunnable :  :  :         Status: Error: Apply LDA 2:363:0:0:0:341
2019-11-30 16:05:58,867 : ERROR : ModalContext :  : LoadWorkflowRunnable :  :  :           Status: Error: Node "Linear Discriminant Analysis Apply" not available from extension "KNIME Statistics Nodes (Labs)" (provided by "KNIME AG, Zurich, Switzerland"; plugin "org.knime.stats2" is not installed)
2019-11-30 16:05:58,867 : ERROR : ModalContext :  : LoadWorkflowRunnable :  :  :       Status: Error: Apply LDA 2:363:0:343
2019-11-30 16:05:58,867 : ERROR : ModalContext :  : LoadWorkflowRunnable :  :  :         Status: Error: Node "Linear Discriminant Analysis Apply" not available from extension "KNIME Statistics Nodes (Labs)" (provided by "KNIME AG, Zurich, Switzerland"; plugin "org.knime.stats2" is not installed)
2019-11-30 16:05:58,867 : ERROR : ModalContext :  : LoadWorkflowRunnable :  :  :     Status: DataLoadError: Reduction based on t-SNE 2:365
2019-11-30 16:05:58,867 : ERROR : ModalContext :  : LoadWorkflowRunnable :  :  :       Status: Error: Node "t-SNE (L. Jonsson)" not available from extension "KNIME Statistics Nodes (Labs)" (provided by "KNIME AG, Zurich, Switzerland"; plugin "org.knime.ext.tsne" is not installed)
2019-11-30 16:05:58,867 : ERROR : ModalContext :  : LoadWorkflowRunnable :  :  :       Status: Error: Node "t-SNE (L. Jonsson)" not available from extension "KNIME Statistics Nodes (Labs)" (provided by "KNIME AG, Zurich, Switzerland"; plugin "org.knime.ext.tsne" is not installed)
2019-11-30 16:05:58,867 : ERROR : ModalContext :  : LoadWorkflowRunnable :  :  :       Status: DataLoadError: Best perplexity 2:365:0:273
2019-11-30 16:05:58,867 : ERROR : ModalContext :  : LoadWorkflowRunnable :  :  :         Status: Error: Node "Parameter Optimization Loop Start" not available from extension "KNIME Optimization extension" (provided by "KNIME AG, Zurich, Switzerland"; plugin "org.knime.optimization" is not installed)
2019-11-30 16:05:58,867 : ERROR : ModalContext :  : LoadWorkflowRunnable :  :  :         Status: Error: Node "Parameter Optimization Loop End" not available from extension "KNIME Optimization extension" (provided by "KNIME AG, Zurich, Switzerland"; plugin "org.knime.optimization" is not installed)
2019-11-30 16:05:58,867 : ERROR : ModalContext :  : LoadWorkflowRunnable :  :  :         Status: Error: Node "t-SNE (L. Jonsson)" not available from extension "KNIME Statistics Nodes (Labs)" (provided by "KNIME AG, Zurich, Switzerland"; plugin "org.knime.ext.tsne" is not installed)
2019-11-30 16:05:58,867 : ERROR : ModalContext :  : LoadWorkflowRunnable :  :  :         Status: Error: Node "t-SNE (L. Jonsson)" not available from extension "KNIME Statistics Nodes (Labs)" (provided by "KNIME AG, Zurich, Switzerland"; plugin "org.knime.ext.tsne" is not installed)
2019-11-30 16:05:58,867 : ERROR : ModalContext :  : LoadWorkflowRunnable :  :  :         Status: Error: Unable to insert connection "[367(1) -> 272( 1)]"
2019-11-30 16:05:58,867 : ERROR : ModalContext :  : LoadWorkflowRunnable :  :  :         Status: DataLoadError: MISSING Parameter Optimization Loop End 2:365:0:273:272
2019-11-30 16:05:58,867 : ERROR : ModalContext :  : LoadWorkflowRunnable :  :  :           Status: DataLoadError: Unable to load port content for node "MISSING Parameter Optimization Loop End": Invalid outport index in settings: 2
2019-11-30 16:05:59,203 : WARN  : ModalContext :  : Node : File Reader : 3:169:5 : Can't access 'knime://knime.workflow/KDD_data/smallDataSet/orange_small_train_.labels'. (C:\Users\casa\AppData\Local\Temp\knime_temp_space_casa_73000\02_Techniques_for_Dimensionality_Reduction73004\02_Techniques_for_Dimensionality_Reduction\KDD_data\smallDataSet\orange_small_train_.labels (The system cannot find the file specified))
2019-11-30 16:05:59,387 : WARN  : ModalContext :  : WorkflowManager : Reduction based on Low Variance : 3:347 : Unable to insert connection "[343(1) -> 272( 1)]"
2019-11-30 16:05:59,751 : WARN  : ModalContext :  : WorkflowManager : Reduction based on High Corr. : 3:348 : Unable to insert connection "[348(1) -> 272( 1)]"
2019-11-30 16:06:00,419 : WARN  : ModalContext :  : WorkflowManager : Reduction based on Missing Values : 3:337 : Unable to insert connection "[274(1) -> 272( 1)]"
2019-11-30 16:06:01,002 : WARN  : ModalContext :  : WorkflowManager : Auto-encoder based Reduction : 3:0 : Unable to insert connection "[347(1) -> 333( 0)]"
2019-11-30 16:06:02,302 : WARN  : ModalContext :  : WorkflowManager : Reduction based on t-SNE : 3:365 : Unable to insert connection "[367(1) -> 272( 1)]"
2019-11-30 16:06:03,922 : ERROR : ModalContext :  : LoadWorkflowRunnable :  :  : Errors during load: Status: DataLoadError: 02_Techniques_for_Dimensionality_Reduction 3 loaded with error during data load
2019-11-30 16:06:03,922 : ERROR : ModalContext :  : LoadWorkflowRunnable :  :  :   Status: DataLoadError: 02_Techniques_for_Dimensionality_Reduction 3
2019-11-30 16:06:03,926 : ERROR : ModalContext :  : LoadWorkflowRunnable :  :  :     Status: DataLoadError: Reduction based on Low Variance 3:347
2019-11-30 16:06:03,926 : ERROR : ModalContext :  : LoadWorkflowRunnable :  :  :       Status: DataLoadError: Find best threshold for variance 3:347:0:344
2019-11-30 16:06:03,926 : ERROR : ModalContext :  : LoadWorkflowRunnable :  :  :         Status: Error: Node "Parameter Optimization Loop Start" not available from extension "KNIME Optimization extension" (provided by "KNIME AG, Zurich, Switzerland"; plugin "org.knime.optimization" is not installed)
2019-11-30 16:06:03,926 : ERROR : ModalContext :  : LoadWorkflowRunnable :  :  :         Status: Error: Node "Parameter Optimization Loop End" not available from extension "KNIME Optimization extension" (provided by "KNIME AG, Zurich, Switzerland"; plugin "org.knime.optimization" is not installed)
2019-11-30 16:06:03,926 : ERROR : ModalContext :  : LoadWorkflowRunnable :  :  :         Status: Error: Unable to insert connection "[343(1) -> 272( 1)]"
2019-11-30 16:06:03,926 : ERROR : ModalContext :  : LoadWorkflowRunnable :  :  :         Status: DataLoadError: MISSING Parameter Optimization Loop End 3:347:0:344:272
2019-11-30 16:06:03,926 : ERROR : ModalContext :  : LoadWorkflowRunnable :  :  :           Status: DataLoadError: Unable to load port content for node "MISSING Parameter Optimization Loop End": Invalid outport index in settings: 2
2019-11-30 16:06:03,926 : ERROR : ModalContext :  : LoadWorkflowRunnable :  :  :     Status: DataLoadError: Reduction based on High Corr. 3:348
2019-11-30 16:06:03,926 : ERROR : ModalContext :  : LoadWorkflowRunnable :  :  :       Status: DataLoadError: Optimize correlation threshold 3:348:0:347
2019-11-30 16:06:03,926 : ERROR : ModalContext :  : LoadWorkflowRunnable :  :  :         Status: Error: Node "Parameter Optimization Loop Start" not available from extension "KNIME Optimization extension" (provided by "KNIME AG, Zurich, Switzerland"; plugin "org.knime.optimization" is not installed)
2019-11-30 16:06:03,926 : ERROR : ModalContext :  : LoadWorkflowRunnable :  :  :         Status: Error: Node "Parameter Optimization Loop End" not available from extension "KNIME Optimization extension" (provided by "KNIME AG, Zurich, Switzerland"; plugin "org.knime.optimization" is not installed)
2019-11-30 16:06:03,926 : ERROR : ModalContext :  : LoadWorkflowRunnable :  :  :         Status: Error: Unable to insert connection "[348(1) -> 272( 1)]"
2019-11-30 16:06:03,926 : ERROR : ModalContext :  : LoadWorkflowRunnable :  :  :         Status: DataLoadError: MISSING Parameter Optimization Loop End 3:348:0:347:272
2019-11-30 16:06:03,926 : ERROR : ModalContext :  : LoadWorkflowRunnable :  :  :           Status: DataLoadError: Unable to load port content for node "MISSING Parameter Optimization Loop End": Invalid outport index in settings: 2
2019-11-30 16:06:03,926 : ERROR : ModalContext :  : LoadWorkflowRunnable :  :  :     Status: DataLoadError: Reduction based on Missing Values 3:337
2019-11-30 16:06:03,926 : ERROR : ModalContext :  : LoadWorkflowRunnable :  :  :       Status: DataLoadError: best threshold on missing values 3:337:0:273
2019-11-30 16:06:03,926 : ERROR : ModalContext :  : LoadWorkflowRunnable :  :  :         Status: Error: Node "Parameter Optimization Loop Start" not available from extension "KNIME Optimization extension" (provided by "KNIME AG, Zurich, Switzerland"; plugin "org.knime.optimization" is not installed)
2019-11-30 16:06:03,926 : ERROR : ModalContext :  : LoadWorkflowRunnable :  :  :         Status: Error: Node "Parameter Optimization Loop End" not available from extension "KNIME Optimization extension" (provided by "KNIME AG, Zurich, Switzerland"; plugin "org.knime.optimization" is not installed)
2019-11-30 16:06:03,926 : ERROR : ModalContext :  : LoadWorkflowRunnable :  :  :         Status: Error: Unable to insert connection "[274(1) -> 272( 1)]"
2019-11-30 16:06:03,926 : ERROR : ModalContext :  : LoadWorkflowRunnable :  :  :         Status: DataLoadError: MISSING Parameter Optimization Loop End 3:337:0:273:272
2019-11-30 16:06:03,926 : ERROR : ModalContext :  : LoadWorkflowRunnable :  :  :           Status: DataLoadError: Unable to load port content for node "MISSING Parameter Optimization Loop End": Invalid outport index in settings: 2
2019-11-30 16:06:03,926 : ERROR : ModalContext :  : LoadWorkflowRunnable :  :  :     Status: Error: Auto-encoder based Reduction 3:0
2019-11-30 16:06:03,926 : ERROR : ModalContext :  : LoadWorkflowRunnable :  :  :       Status: Error: Node "Keras Input Layer" not available from extension "KNIME Deep Learning - Keras Integration" (provided by "KNIME AG, Zurich, Switzerland"; plugin "org.knime.dl.keras" is not installed)
2019-11-30 16:06:03,926 : ERROR : ModalContext :  : LoadWorkflowRunnable :  :  :       Status: Error: metanode with ID suffix 333
2019-11-30 16:06:03,926 : ERROR : ModalContext :  : LoadWorkflowRunnable :  :  :         Status: Error: Can't load workflow inport (internal ID "inport_0", skipping it: Unable to restore port type, can't load class "org.knime.dl.keras.base.portobjects.DLKerasNetworkPortObjectBase"
2019-11-30 16:06:03,926 : ERROR : ModalContext :  : LoadWorkflowRunnable :  :  :         Status: Error: Assigning fallback port type for missing input port 0
2019-11-30 16:06:03,926 : ERROR : ModalContext :  : LoadWorkflowRunnable :  :  :         Status: Error: Can't load workflow outport (internal ID "outport_1", skipping it: Unable to restore port type, can't load class "org.knime.dl.keras.base.portobjects.DLKerasNetworkPortObject"
2019-11-30 16:06:03,926 : ERROR : ModalContext :  : LoadWorkflowRunnable :  :  :         Status: Error: Assigning fallback port type for missing output port 1
2019-11-30 16:06:03,926 : ERROR : ModalContext :  : LoadWorkflowRunnable :  :  :       Status: Error: metanode with ID suffix 334
2019-11-30 16:06:03,926 : ERROR : ModalContext :  : LoadWorkflowRunnable :  :  :         Status: Error: Can't load workflow inport (internal ID "inport_0", skipping it: Unable to restore port type, can't load class "org.knime.dl.keras.base.portobjects.DLKerasNetworkPortObjectBase"
2019-11-30 16:06:03,926 : ERROR : ModalContext :  : LoadWorkflowRunnable :  :  :         Status: Error: Assigning fallback port type for missing input port 0
2019-11-30 16:06:03,926 : ERROR : ModalContext :  : LoadWorkflowRunnable :  :  :       Status: Error: Node "Keras Dense Layer" not available from extension "KNIME Deep Learning - Keras Integration" (provided by "KNIME AG, Zurich, Switzerland"; plugin "org.knime.dl.keras" is not installed)
2019-11-30 16:06:03,930 : ERROR : ModalContext :  : LoadWorkflowRunnable :  :  :       Status: Error: Node "Keras Dense Layer" not available from extension "KNIME Deep Learning - Keras Integration" (provided by "KNIME AG, Zurich, Switzerland"; plugin "org.knime.dl.keras" is not installed)
2019-11-30 16:06:03,930 : ERROR : ModalContext :  : LoadWorkflowRunnable :  :  :       Status: Error: Node "Keras Dense Layer" not available from extension "KNIME Deep Learning - Keras Integration" (provided by "KNIME AG, Zurich, Switzerland"; plugin "org.knime.dl.keras" is not installed)
2019-11-30 16:06:03,930 : ERROR : ModalContext :  : LoadWorkflowRunnable :  :  :       Status: Error: Node "Keras Dense Layer" not available from extension "KNIME Deep Learning - Keras Integration" (provided by "KNIME AG, Zurich, Switzerland"; plugin "org.knime.dl.keras" is not installed)
2019-11-30 16:06:03,930 : ERROR : ModalContext :  : LoadWorkflowRunnable :  :  :       Status: Error: Unable to insert connection "[347(1) -> 333( 0)]"
2019-11-30 16:06:03,930 : ERROR : ModalContext :  : LoadWorkflowRunnable :  :  :       Status: Error: Autoencoder training 3:0:0:333
2019-11-30 16:06:03,930 : ERROR : ModalContext :  : LoadWorkflowRunnable :  :  :         Status: Error: Node "Keras Network Learner" not available from extension "KNIME Deep Learning - Keras Integration" (provided by "KNIME AG, Zurich, Switzerland"; plugin "org.knime.dl.keras" is not installed)
2019-11-30 16:06:03,930 : ERROR : ModalContext :  : LoadWorkflowRunnable :  :  :         Status: Error: Node "Keras Network Executor" not available from extension "KNIME Deep Learning - Keras Integration" (provided by "KNIME AG, Zurich, Switzerland"; plugin "org.knime.dl.keras" is not installed)
2019-11-30 16:06:03,930 : ERROR : ModalContext :  : LoadWorkflowRunnable :  :  :       Status: Error: Autoencoder output 3:0:0:334
2019-11-30 16:06:03,930 : ERROR : ModalContext :  : LoadWorkflowRunnable :  :  :         Status: Error: Node "Keras Network Executor" not available from extension "KNIME Deep Learning - Keras Integration" (provided by "KNIME AG, Zurich, Switzerland"; plugin "org.knime.dl.keras" is not installed)
2019-11-30 16:06:03,930 : ERROR : ModalContext :  : LoadWorkflowRunnable :  :  :     Status: Error: Reduction based on LDA 3:363
2019-11-30 16:06:03,930 : ERROR : ModalContext :  : LoadWorkflowRunnable :  :  :       Status: Error: Dimesionality Reduction (LDA) 3:363:0:0
2019-11-30 16:06:03,930 : ERROR : ModalContext :  : LoadWorkflowRunnable :  :  :         Status: Error: Node "Linear Discriminant Analysis Compute" not available from extension "KNIME Statistics Nodes (Labs)" (provided by "KNIME AG, Zurich, Switzerland"; plugin "org.knime.stats2" is not installed)
2019-11-30 16:06:03,930 : ERROR : ModalContext :  : LoadWorkflowRunnable :  :  :         Status: Error: Node "Linear Discriminant Analysis Apply" not available from extension "KNIME Statistics Nodes (Labs)" (provided by "KNIME AG, Zurich, Switzerland"; plugin "org.knime.stats2" is not installed)
2019-11-30 16:06:03,930 : ERROR : ModalContext :  : LoadWorkflowRunnable :  :  :         Status: Error: Reduce dimensions by PCA 3:363:0:0:0:349
2019-11-30 16:06:03,930 : ERROR : ModalContext :  : LoadWorkflowRunnable :  :  :           Status: Error: Node "Linear Discriminant Analysis Compute" not available from extension "KNIME Statistics Nodes (Labs)" (provided by "KNIME AG, Zurich, Switzerland"; plugin "org.knime.stats2" is not installed)
2019-11-30 16:06:03,930 : ERROR : ModalContext :  : LoadWorkflowRunnable :  :  :           Status: Error: Node "Empty Table Creator" not available from extension "KNIME Data Generation" (provided by "KNIME AG, Zurich, Switzerland"; plugin "org.knime.datageneration" is not installed)
2019-11-30 16:06:03,930 : ERROR : ModalContext :  : LoadWorkflowRunnable :  :  :         Status: Error: Apply LDA 3:363:0:0:0:341
2019-11-30 16:06:03,930 : ERROR : ModalContext :  : LoadWorkflowRunnable :  :  :           Status: Error: Node "Linear Discriminant Analysis Apply" not available from extension "KNIME Statistics Nodes (Labs)" (provided by "KNIME AG, Zurich, Switzerland"; plugin "org.knime.stats2" is not installed)
2019-11-30 16:06:03,930 : ERROR : ModalContext :  : LoadWorkflowRunnable :  :  :       Status: Error: Apply LDA 3:363:0:343
2019-11-30 16:06:03,930 : ERROR : ModalContext :  : LoadWorkflowRunnable :  :  :         Status: Error: Node "Linear Discriminant Analysis Apply" not available from extension "KNIME Statistics Nodes (Labs)" (provided by "KNIME AG, Zurich, Switzerland"; plugin "org.knime.stats2" is not installed)
2019-11-30 16:06:03,930 : ERROR : ModalContext :  : LoadWorkflowRunnable :  :  :     Status: DataLoadError: Reduction based on t-SNE 3:365
2019-11-30 16:06:03,930 : ERROR : ModalContext :  : LoadWorkflowRunnable :  :  :       Status: Error: Node "t-SNE (L. Jonsson)" not available from extension "KNIME Statistics Nodes (Labs)" (provided by "KNIME AG, Zurich, Switzerland"; plugin "org.knime.ext.tsne" is not installed)
2019-11-30 16:06:03,930 : ERROR : ModalContext :  : LoadWorkflowRunnable :  :  :       Status: Error: Node "t-SNE (L. Jonsson)" not available from extension "KNIME Statistics Nodes (Labs)" (provided by "KNIME AG, Zurich, Switzerland"; plugin "org.knime.ext.tsne" is not installed)
2019-11-30 16:06:03,930 : ERROR : ModalContext :  : LoadWorkflowRunnable :  :  :       Status: DataLoadError: Best perplexity 3:365:0:273
2019-11-30 16:06:03,930 : ERROR : ModalContext :  : LoadWorkflowRunnable :  :  :         Status: Error: Node "Parameter Optimization Loop Start" not available from extension "KNIME Optimization extension" (provided by "KNIME AG, Zurich, Switzerland"; plugin "org.knime.optimization" is not installed)
2019-11-30 16:06:03,930 : ERROR : ModalContext :  : LoadWorkflowRunnable :  :  :         Status: Error: Node "Parameter Optimization Loop End" not available from extension "KNIME Optimization extension" (provided by "KNIME AG, Zurich, Switzerland"; plugin "org.knime.optimization" is not installed)
2019-11-30 16:06:03,930 : ERROR : ModalContext :  : LoadWorkflowRunnable :  :  :         Status: Error: Node "t-SNE (L. Jonsson)" not available from extension "KNIME Statistics Nodes (Labs)" (provided by "KNIME AG, Zurich, Switzerland"; plugin "org.knime.ext.tsne" is not installed)
2019-11-30 16:06:03,930 : ERROR : ModalContext :  : LoadWorkflowRunnable :  :  :         Status: Error: Node "t-SNE (L. Jonsson)" not available from extension "KNIME Statistics Nodes (Labs)" (provided by "KNIME AG, Zurich, Switzerland"; plugin "org.knime.ext.tsne" is not installed)
2019-11-30 16:06:03,930 : ERROR : ModalContext :  : LoadWorkflowRunnable :  :  :         Status: Error: Unable to insert connection "[367(1) -> 272( 1)]"
2019-11-30 16:06:03,930 : ERROR : ModalContext :  : LoadWorkflowRunnable :  :  :         Status: DataLoadError: MISSING Parameter Optimization Loop End 3:365:0:273:272
2019-11-30 16:06:03,930 : ERROR : ModalContext :  : LoadWorkflowRunnable :  :  :           Status: DataLoadError: Unable to load port content for node "MISSING Parameter Optimization Loop End": Invalid outport index in settings: 2
2019-11-30 16:06:05,991 : WARN  : ModalContext :  : Node : File Reader : 4:169:5 : Can't access 'knime://knime.workflow/KDD_data/smallDataSet/orange_small_train_.labels'. (C:\Users\casa\AppData\Local\Temp\knime_temp_space_casa_73000\02_Techniques_for_Dimensionality_Reduction73003\02_Techniques_for_Dimensionality_Reduction\KDD_data\smallDataSet\orange_small_train_.labels (The system cannot find the file specified))
2019-11-30 16:06:06,171 : WARN  : ModalContext :  : WorkflowManager : Reduction based on Low Variance : 4:347 : Unable to insert connection "[343(1) -> 272( 1)]"
2019-11-30 16:06:06,575 : WARN  : ModalContext :  : WorkflowManager : Reduction based on High Corr. : 4:348 : Unable to insert connection "[348(1) -> 272( 1)]"
2019-11-30 16:06:07,298 : WARN  : ModalContext :  : WorkflowManager : Reduction based on Missing Values : 4:337 : Unable to insert connection "[274(1) -> 272( 1)]"
2019-11-30 16:06:07,998 : WARN  : ModalContext :  : WorkflowManager : Auto-encoder based Reduction : 4:0 : Unable to insert connection "[347(1) -> 333( 0)]"
2019-11-30 16:06:09,058 : WARN  : ModalContext :  : WorkflowManager : Reduction based on t-SNE : 4:365 : Unable to insert connection "[367(1) -> 272( 1)]"
2019-11-30 16:06:10,506 : ERROR : ModalContext :  : LoadWorkflowRunnable :  :  : Errors during load: Status: DataLoadError: 02_Techniques_for_Dimensionality_Reduction 4 loaded with error during data load
2019-11-30 16:06:10,506 : ERROR : ModalContext :  : LoadWorkflowRunnable :  :  :   Status: DataLoadError: 02_Techniques_for_Dimensionality_Reduction 4
2019-11-30 16:06:10,506 : ERROR : ModalContext :  : LoadWorkflowRunnable :  :  :     Status: DataLoadError: Reduction based on Low Variance 4:347
2019-11-30 16:06:10,506 : ERROR : ModalContext :  : LoadWorkflowRunnable :  :  :       Status: DataLoadError: Find best threshold for variance 4:347:0:344
2019-11-30 16:06:10,506 : ERROR : ModalContext :  : LoadWorkflowRunnable :  :  :         Status: Error: Node "Parameter Optimization Loop Start" not available from extension "KNIME Optimization extension" (provided by "KNIME AG, Zurich, Switzerland"; plugin "org.knime.optimization" is not installed)
2019-11-30 16:06:10,506 : ERROR : ModalContext :  : LoadWorkflowRunnable :  :  :         Status: Error: Node "Parameter Optimization Loop End" not available from extension "KNIME Optimization extension" (provided by "KNIME AG, Zurich, Switzerland"; plugin "org.knime.optimization" is not installed)
2019-11-30 16:06:10,506 : ERROR : ModalContext :  : LoadWorkflowRunnable :  :  :         Status: Error: Unable to insert connection "[343(1) -> 272( 1)]"
2019-11-30 16:06:10,506 : ERROR : ModalContext :  : LoadWorkflowRunnable :  :  :         Status: DataLoadError: MISSING Parameter Optimization Loop End 4:347:0:344:272
2019-11-30 16:06:10,506 : ERROR : ModalContext :  : LoadWorkflowRunnable :  :  :           Status: DataLoadError: Unable to load port content for node "MISSING Parameter Optimization Loop End": Invalid outport index in settings: 2
2019-11-30 16:06:10,506 : ERROR : ModalContext :  : LoadWorkflowRunnable :  :  :     Status: DataLoadError: Reduction based on High Corr. 4:348
2019-11-30 16:06:10,506 : ERROR : ModalContext :  : LoadWorkflowRunnable :  :  :       Status: DataLoadError: Optimize correlation threshold 4:348:0:347
2019-11-30 16:06:10,506 : ERROR : ModalContext :  : LoadWorkflowRunnable :  :  :         Status: Error: Node "Parameter Optimization Loop Start" not available from extension "KNIME Optimization extension" (provided by "KNIME AG, Zurich, Switzerland"; plugin "org.knime.optimization" is not installed)
2019-11-30 16:06:10,506 : ERROR : ModalContext :  : LoadWorkflowRunnable :  :  :         Status: Error: Node "Parameter Optimization Loop End" not available from extension "KNIME Optimization extension" (provided by "KNIME AG, Zurich, Switzerland"; plugin "org.knime.optimization" is not installed)
2019-11-30 16:06:10,506 : ERROR : ModalContext :  : LoadWorkflowRunnable :  :  :         Status: Error: Unable to insert connection "[348(1) -> 272( 1)]"
2019-11-30 16:06:10,506 : ERROR : ModalContext :  : LoadWorkflowRunnable :  :  :         Status: DataLoadError: MISSING Parameter Optimization Loop End 4:348:0:347:272
2019-11-30 16:06:10,506 : ERROR : ModalContext :  : LoadWorkflowRunnable :  :  :           Status: DataLoadError: Unable to load port content for node "MISSING Parameter Optimization Loop End": Invalid outport index in settings: 2
2019-11-30 16:06:10,506 : ERROR : ModalContext :  : LoadWorkflowRunnable :  :  :     Status: DataLoadError: Reduction based on Missing Values 4:337
2019-11-30 16:06:10,506 : ERROR : ModalContext :  : LoadWorkflowRunnable :  :  :       Status: DataLoadError: best threshold on missing values 4:337:0:273
2019-11-30 16:06:10,506 : ERROR : ModalContext :  : LoadWorkflowRunnable :  :  :         Status: Error: Node "Parameter Optimization Loop Start" not available from extension "KNIME Optimization extension" (provided by "KNIME AG, Zurich, Switzerland"; plugin "org.knime.optimization" is not installed)
2019-11-30 16:06:10,506 : ERROR : ModalContext :  : LoadWorkflowRunnable :  :  :         Status: Error: Node "Parameter Optimization Loop End" not available from extension "KNIME Optimization extension" (provided by "KNIME AG, Zurich, Switzerland"; plugin "org.knime.optimization" is not installed)
2019-11-30 16:06:10,506 : ERROR : ModalContext :  : LoadWorkflowRunnable :  :  :         Status: Error: Unable to insert connection "[274(1) -> 272( 1)]"
2019-11-30 16:06:10,506 : ERROR : ModalContext :  : LoadWorkflowRunnable :  :  :         Status: DataLoadError: MISSING Parameter Optimization Loop End 4:337:0:273:272
2019-11-30 16:06:10,510 : ERROR : ModalContext :  : LoadWorkflowRunnable :  :  :           Status: DataLoadError: Unable to load port content for node "MISSING Parameter Optimization Loop End": Invalid outport index in settings: 2
2019-11-30 16:06:10,510 : ERROR : ModalContext :  : LoadWorkflowRunnable :  :  :     Status: Error: Auto-encoder based Reduction 4:0
2019-11-30 16:06:10,510 : ERROR : ModalContext :  : LoadWorkflowRunnable :  :  :       Status: Error: Node "Keras Input Layer" not available from extension "KNIME Deep Learning - Keras Integration" (provided by "KNIME AG, Zurich, Switzerland"; plugin "org.knime.dl.keras" is not installed)
2019-11-30 16:06:10,510 : ERROR : ModalContext :  : LoadWorkflowRunnable :  :  :       Status: Error: metanode with ID suffix 333
2019-11-30 16:06:10,510 : ERROR : ModalContext :  : LoadWorkflowRunnable :  :  :         Status: Error: Can't load workflow inport (internal ID "inport_0", skipping it: Unable to restore port type, can't load class "org.knime.dl.keras.base.portobjects.DLKerasNetworkPortObjectBase"
2019-11-30 16:06:10,510 : ERROR : ModalContext :  : LoadWorkflowRunnable :  :  :         Status: Error: Assigning fallback port type for missing input port 0
2019-11-30 16:06:10,510 : ERROR : ModalContext :  : LoadWorkflowRunnable :  :  :         Status: Error: Can't load workflow outport (internal ID "outport_1", skipping it: Unable to restore port type, can't load class "org.knime.dl.keras.base.portobjects.DLKerasNetworkPortObject"
2019-11-30 16:06:10,510 : ERROR : ModalContext :  : LoadWorkflowRunnable :  :  :         Status: Error: Assigning fallback port type for missing output port 1
2019-11-30 16:06:10,510 : ERROR : ModalContext :  : LoadWorkflowRunnable :  :  :       Status: Error: metanode with ID suffix 334
2019-11-30 16:06:10,510 : ERROR : ModalContext :  : LoadWorkflowRunnable :  :  :         Status: Error: Can't load workflow inport (internal ID "inport_0", skipping it: Unable to restore port type, can't load class "org.knime.dl.keras.base.portobjects.DLKerasNetworkPortObjectBase"
2019-11-30 16:06:10,510 : ERROR : ModalContext :  : LoadWorkflowRunnable :  :  :         Status: Error: Assigning fallback port type for missing input port 0
2019-11-30 16:06:10,510 : ERROR : ModalContext :  : LoadWorkflowRunnable :  :  :       Status: Error: Node "Keras Dense Layer" not available from extension "KNIME Deep Learning - Keras Integration" (provided by "KNIME AG, Zurich, Switzerland"; plugin "org.knime.dl.keras" is not installed)
2019-11-30 16:06:10,510 : ERROR : ModalContext :  : LoadWorkflowRunnable :  :  :       Status: Error: Node "Keras Dense Layer" not available from extension "KNIME Deep Learning - Keras Integration" (provided by "KNIME AG, Zurich, Switzerland"; plugin "org.knime.dl.keras" is not installed)
2019-11-30 16:06:10,510 : ERROR : ModalContext :  : LoadWorkflowRunnable :  :  :       Status: Error: Node "Keras Dense Layer" not available from extension "KNIME Deep Learning - Keras Integration" (provided by "KNIME AG, Zurich, Switzerland"; plugin "org.knime.dl.keras" is not installed)
2019-11-30 16:06:10,510 : ERROR : ModalContext :  : LoadWorkflowRunnable :  :  :       Status: Error: Node "Keras Dense Layer" not available from extension "KNIME Deep Learning - Keras Integration" (provided by "KNIME AG, Zurich, Switzerland"; plugin "org.knime.dl.keras" is not installed)
2019-11-30 16:06:10,510 : ERROR : ModalContext :  : LoadWorkflowRunnable :  :  :       Status: Error: Unable to insert connection "[347(1) -> 333( 0)]"
2019-11-30 16:06:10,510 : ERROR : ModalContext :  : LoadWorkflowRunnable :  :  :       Status: Error: Autoencoder training 4:0:0:333
2019-11-30 16:06:10,510 : ERROR : ModalContext :  : LoadWorkflowRunnable :  :  :         Status: Error: Node "Keras Network Learner" not available from extension "KNIME Deep Learning - Keras Integration" (provided by "KNIME AG, Zurich, Switzerland"; plugin "org.knime.dl.keras" is not installed)
2019-11-30 16:06:10,510 : ERROR : ModalContext :  : LoadWorkflowRunnable :  :  :         Status: Error: Node "Keras Network Executor" not available from extension "KNIME Deep Learning - Keras Integration" (provided by "KNIME AG, Zurich, Switzerland"; plugin "org.knime.dl.keras" is not installed)
2019-11-30 16:06:10,510 : ERROR : ModalContext :  : LoadWorkflowRunnable :  :  :       Status: Error: Autoencoder output 4:0:0:334
2019-11-30 16:06:10,510 : ERROR : ModalContext :  : LoadWorkflowRunnable :  :  :         Status: Error: Node "Keras Network Executor" not available from extension "KNIME Deep Learning - Keras Integration" (provided by "KNIME AG, Zurich, Switzerland"; plugin "org.knime.dl.keras" is not installed)
2019-11-30 16:06:10,510 : ERROR : ModalContext :  : LoadWorkflowRunnable :  :  :     Status: Error: Reduction based on LDA 4:363
2019-11-30 16:06:10,510 : ERROR : ModalContext :  : LoadWorkflowRunnable :  :  :       Status: Error: Dimesionality Reduction (LDA) 4:363:0:0
2019-11-30 16:06:10,510 : ERROR : ModalContext :  : LoadWorkflowRunnable :  :  :         Status: Error: Node "Linear Discriminant Analysis Compute" not available from extension "KNIME Statistics Nodes (Labs)" (provided by "KNIME AG, Zurich, Switzerland"; plugin "org.knime.stats2" is not installed)
2019-11-30 16:06:10,510 : ERROR : ModalContext :  : LoadWorkflowRunnable :  :  :         Status: Error: Node "Linear Discriminant Analysis Apply" not available from extension "KNIME Statistics Nodes (Labs)" (provided by "KNIME AG, Zurich, Switzerland"; plugin "org.knime.stats2" is not installed)
2019-11-30 16:06:10,510 : ERROR : ModalContext :  : LoadWorkflowRunnable :  :  :         Status: Error: Reduce dimensions by PCA 4:363:0:0:0:349
2019-11-30 16:06:10,510 : ERROR : ModalContext :  : LoadWorkflowRunnable :  :  :           Status: Error: Node "Linear Discriminant Analysis Compute" not available from extension "KNIME Statistics Nodes (Labs)" (provided by "KNIME AG, Zurich, Switzerland"; plugin "org.knime.stats2" is not installed)
2019-11-30 16:06:10,510 : ERROR : ModalContext :  : LoadWorkflowRunnable :  :  :           Status: Error: Node "Empty Table Creator" not available from extension "KNIME Data Generation" (provided by "KNIME AG, Zurich, Switzerland"; plugin "org.knime.datageneration" is not installed)
2019-11-30 16:06:10,510 : ERROR : ModalContext :  : LoadWorkflowRunnable :  :  :         Status: Error: Apply LDA 4:363:0:0:0:341
2019-11-30 16:06:10,510 : ERROR : ModalContext :  : LoadWorkflowRunnable :  :  :           Status: Error: Node "Linear Discriminant Analysis Apply" not available from extension "KNIME Statistics Nodes (Labs)" (provided by "KNIME AG, Zurich, Switzerland"; plugin "org.knime.stats2" is not installed)
2019-11-30 16:06:10,510 : ERROR : ModalContext :  : LoadWorkflowRunnable :  :  :       Status: Error: Apply LDA 4:363:0:343
2019-11-30 16:06:10,510 : ERROR : ModalContext :  : LoadWorkflowRunnable :  :  :         Status: Error: Node "Linear Discriminant Analysis Apply" not available from extension "KNIME Statistics Nodes (Labs)" (provided by "KNIME AG, Zurich, Switzerland"; plugin "org.knime.stats2" is not installed)
2019-11-30 16:06:10,510 : ERROR : ModalContext :  : LoadWorkflowRunnable :  :  :     Status: DataLoadError: Reduction based on t-SNE 4:365
2019-11-30 16:06:10,510 : ERROR : ModalContext :  : LoadWorkflowRunnable :  :  :       Status: Error: Node "t-SNE (L. Jonsson)" not available from extension "KNIME Statistics Nodes (Labs)" (provided by "KNIME AG, Zurich, Switzerland"; plugin "org.knime.ext.tsne" is not installed)
2019-11-30 16:06:10,510 : ERROR : ModalContext :  : LoadWorkflowRunnable :  :  :       Status: Error: Node "t-SNE (L. Jonsson)" not available from extension "KNIME Statistics Nodes (Labs)" (provided by "KNIME AG, Zurich, Switzerland"; plugin "org.knime.ext.tsne" is not installed)
2019-11-30 16:06:10,510 : ERROR : ModalContext :  : LoadWorkflowRunnable :  :  :       Status: DataLoadError: Best perplexity 4:365:0:273
2019-11-30 16:06:10,510 : ERROR : ModalContext :  : LoadWorkflowRunnable :  :  :         Status: Error: Node "Parameter Optimization Loop Start" not available from extension "KNIME Optimization extension" (provided by "KNIME AG, Zurich, Switzerland"; plugin "org.knime.optimization" is not installed)
2019-11-30 16:06:10,510 : ERROR : ModalContext :  : LoadWorkflowRunnable :  :  :         Status: Error: Node "Parameter Optimization Loop End" not available from extension "KNIME Optimization extension" (provided by "KNIME AG, Zurich, Switzerland"; plugin "org.knime.optimization" is not installed)
2019-11-30 16:06:10,514 : ERROR : ModalContext :  : LoadWorkflowRunnable :  :  :         Status: Error: Node "t-SNE (L. Jonsson)" not available from extension "KNIME Statistics Nodes (Labs)" (provided by "KNIME AG, Zurich, Switzerland"; plugin "org.knime.ext.tsne" is not installed)
2019-11-30 16:06:10,514 : ERROR : ModalContext :  : LoadWorkflowRunnable :  :  :         Status: Error: Node "t-SNE (L. Jonsson)" not available from extension "KNIME Statistics Nodes (Labs)" (provided by "KNIME AG, Zurich, Switzerland"; plugin "org.knime.ext.tsne" is not installed)
2019-11-30 16:06:10,514 : ERROR : ModalContext :  : LoadWorkflowRunnable :  :  :         Status: Error: Unable to insert connection "[367(1) -> 272( 1)]"
2019-11-30 16:06:10,514 : ERROR : ModalContext :  : LoadWorkflowRunnable :  :  :         Status: DataLoadError: MISSING Parameter Optimization Loop End 4:365:0:273:272
2019-11-30 16:06:10,514 : ERROR : ModalContext :  : LoadWorkflowRunnable :  :  :           Status: DataLoadError: Unable to load port content for node "MISSING Parameter Optimization Loop End": Invalid outport index in settings: 2
2019-11-30 16:15:09,749 : WARN  : Delete temporary copy of knime://EXAMPLES/Users/knime/Examples/04_Analytics/01_Preprocessing/02_Techniques_for_Dimensionality_Reduction/02_Techniques_for_Dimensionality_Reduction :  : WorkflowEditor :  :  : Error during deletion of temporary workflow location: Unable to delete file: C:\Users\casa\AppData\Local\Temp\knime_temp_space_casa_73000\02_Techniques_for_Dimensionality_Reduction73003\02_Techniques_for_Dimensionality_Reduction\.knimeLock
java.io.IOException: Unable to delete file: C:\Users\casa\AppData\Local\Temp\knime_temp_space_casa_73000\02_Techniques_for_Dimensionality_Reduction73003\02_Techniques_for_Dimensionality_Reduction\.knimeLock
	at org.apache.commons.io.FileUtils.forceDelete(FileUtils.java:2400)
	at org.apache.commons.io.FileUtils.cleanDirectory(FileUtils.java:1721)
	at org.apache.commons.io.FileUtils.deleteDirectory(FileUtils.java:1617)
	at org.apache.commons.io.FileUtils.forceDelete(FileUtils.java:2391)
	at org.apache.commons.io.FileUtils.cleanDirectory(FileUtils.java:1721)
	at org.apache.commons.io.FileUtils.deleteDirectory(FileUtils.java:1617)
	at org.knime.workbench.editor2.WorkflowEditor.lambda$0(WorkflowEditor.java:597)
	at java.lang.Thread.run(Thread.java:748)
2019-11-30 16:16:26,603 : WARN  : ModalContext :  : Node : File Reader : 2:169:5 : Can't access 'knime://knime.workflow/KDD_data/smallDataSet/orange_small_train_.labels'. (C:\Users\casa\AppData\Local\Temp\knime_temp_space_casa_45122\02_Techniques_for_Dimensionality_Reduction45124\02_Techniques_for_Dimensionality_Reduction\KDD_data\smallDataSet\orange_small_train_.labels (The system cannot find the file specified))
2019-11-30 16:19:48,686 : WARN  : KNIME-Worker-4 :  : Node : Tree Ensemble Learner : 2:338:0:280:193 : 13 column(s) were ignored due to missing domain information: ["Var192", "Var197", "Var198", "Var199", ...] -- change the node configuration or use a Domain Calculator node to fix it
2019-11-30 16:19:48,760 : WARN  : KNIME-Worker-4 :  : Node : Tree Ensemble Learner : 2:338:0:280:194 : 13 column(s) were ignored due to missing domain information: ["Var192", "Var197", "Var198", "Var199", ...] -- change the node configuration or use a Domain Calculator node to fix it
2019-11-30 16:19:48,764 : WARN  : KNIME-Worker-4 :  : Node : RowID : 2:338:0:280:10 : No row key column selected generate a new one
2019-11-30 16:19:48,768 : WARN  : KNIME-Worker-4 :  : Node : RowID : 2:338:0:280:11 : No row key column selected generate a new one
2019-11-30 16:19:54,431 : WARN  : KNIME-Worker-28 :  : Node : Naive Bayes Learner : 2:344:0:347:0:253 : The following attributes are skipped: Var202/Too many values, Var217/Too many values, Var198/Too many values, Var220/Too many values, ...(see node view)
2019-11-30 16:19:54,997 : WARN  : KNIME-Worker-19 :  : Node : End IF : 2:351:0:345:9:287:292 : The structures of both active input data tables are not compatible.
2019-11-30 16:19:55,259 : WARN  : KNIME-Worker-28 :  : Node : End IF : 2:344:0:347:9:287:292 : The structures of both active input data tables are not compatible.
2019-11-30 16:19:55,321 : WARN  : KNIME-Worker-22 :  : Node : End IF : 2:344:0:347:9:287:292 : The structures of both active input data tables are not compatible.
2019-11-30 16:19:55,459 : WARN  : KNIME-Worker-27 :  : Node : End IF : 2:351:0:345:9:287:292 : The structures of both active input data tables are not compatible.
2019-11-30 16:19:55,661 : WARN  : KNIME-Worker-26 :  : Node : End IF : 2:351:0:345:9:287:292 : The structures of both active input data tables are not compatible.
2019-11-30 16:19:55,887 : WARN  : KNIME-Worker-23 :  : Node : End IF : 2:344:0:347:9:287:292 : The structures of both active input data tables are not compatible.
2019-11-30 16:19:56,465 : WARN  : KNIME-Worker-28 :  : Node : Normalizer (Apply) : 2:344:0:347:9:334 : Normalized value is out of bounds. Original value: 4838400.0 Transformed value: 1.2727272727272727 Upper Bound: 1.0
2019-11-30 16:19:56,465 : WARN  : KNIME-Worker-28 :  : Node : End IF : 2:344:0:347:9:287:292 : The structures of both active input data tables are not compatible.
2019-11-30 16:20:01,847 : WARN  : KNIME-Worker-17 :  : Node : GroupBy : 2:363:0:0:0:175:176 : No aggregation column defined
2019-11-30 16:20:01,847 : WARN  : KNIME-Worker-17 :  : Node : GroupBy : 2:363:0:0:0:175:176 : No aggregation column defined
2019-11-30 16:20:01,922 : WARN  : KNIME-Worker-23 :  : Node : GroupBy : 2:363:0:0:0:175:176 : No aggregation column defined
2019-11-30 16:20:01,922 : WARN  : KNIME-Worker-23 :  : Node : GroupBy : 2:363:0:0:0:175:176 : No aggregation column defined
2019-11-30 16:20:01,926 : WARN  : KNIME-Worker-24 :  : Node : Empty Table Creator : 2:363:0:0:0:349:363 : Node created an empty data table.
2019-11-30 16:20:02,351 : WARN  : KNIME-Worker-28 :  : Node : GroupBy : 2:363:0:0:0:175:176 : No aggregation column defined
2019-11-30 16:20:02,351 : WARN  : KNIME-Worker-28 :  : Node : GroupBy : 2:363:0:0:0:175:176 : No aggregation column defined
2019-11-30 16:20:02,586 : WARN  : KNIME-Worker-21 :  : Node : GroupBy : 2:363:0:0:0:175:176 : No aggregation column defined
2019-11-30 16:20:02,586 : WARN  : KNIME-Worker-21 :  : Node : GroupBy : 2:363:0:0:0:175:176 : No aggregation column defined
2019-11-30 16:20:02,718 : WARN  : KNIME-Worker-25 :  : Node : GroupBy : 2:363:0:0:0:175:176 : No aggregation column defined
2019-11-30 16:20:02,718 : WARN  : KNIME-Worker-25 :  : Node : GroupBy : 2:363:0:0:0:175:176 : No aggregation column defined
2019-11-30 16:20:02,742 : WARN  : KNIME-Worker-28 :  : Node : GroupBy : 2:363:0:0:0:175:176 : No aggregation column defined
2019-11-30 16:20:02,742 : WARN  : KNIME-Worker-28 :  : Node : GroupBy : 2:363:0:0:0:175:176 : No aggregation column defined
2019-11-30 16:20:05,452 : WARN  : KNIME-Worker-29 :  : Node : Missing Value : 2:363:0:328 : The current settings use missing value handling methods that cannot be represented in PMML 4.2
2019-11-30 16:20:08,547 : WARN  : KNIME-Worker-9 :  : Node : End IF : 2:351:0:345:9:287:292 : The structures of both active input data tables are not compatible.
2019-11-30 16:20:08,890 : WARN  : KNIME-Worker-28 :  : Node : End IF : 2:351:0:345:9:287:292 : The structures of both active input data tables are not compatible.
2019-11-30 16:20:08,894 : WARN  : KNIME-Worker-15 :  : Node : End IF : 2:351:0:345:9:287:292 : The structures of both active input data tables are not compatible.
2019-11-30 16:20:12,065 : WARN  : KNIME-Worker-29 :  : Node : End IF : 2:351:0:345:9:287:292 : The structures of both active input data tables are not compatible.
2019-11-30 16:20:12,473 : WARN  : KNIME-Worker-31 :  : Node : End IF : 2:351:0:345:9:287:292 : The structures of both active input data tables are not compatible.
2019-11-30 16:20:13,052 : WARN  : KNIME-Worker-15 :  : Node : End IF : 2:351:0:345:9:287:292 : The structures of both active input data tables are not compatible.
2019-11-30 16:20:15,719 : WARN  : KNIME-Worker-13 :  : Node : Missing Value : 2:336:0:335 : The current settings use missing value handling methods that cannot be represented in PMML 4.2
2019-11-30 16:20:16,379 : WARN  : KNIME-Worker-17 :  : Node : Missing Value : 2:363:0:0:0:328 : The current settings use missing value handling methods that cannot be represented in PMML 4.2
2019-11-30 16:20:16,531 : WARN  : KNIME-Worker-27 :  : Node : Missing Value : 2:365:0:368:328 : The current settings use missing value handling methods that cannot be represented in PMML 4.2
2019-11-30 16:20:16,879 : WARN  : KNIME-Worker-22 :  : Node : Missing Value : 2:362:0:328 : The current settings use missing value handling methods that cannot be represented in PMML 4.2
2019-11-30 16:20:18,078 : WARN  : KNIME-Worker-24 :  : Node : Tree Ensemble Learner : 2:338:0:280:193 : 13 column(s) were ignored due to missing domain information: ["Var192", "Var197", "Var198", "Var199", ...] -- change the node configuration or use a Domain Calculator node to fix it
2019-11-30 16:20:18,094 : WARN  : KNIME-Worker-24 :  : Node : Tree Ensemble Learner : 2:338:0:280:194 : 13 column(s) were ignored due to missing domain information: ["Var192", "Var197", "Var198", "Var199", ...] -- change the node configuration or use a Domain Calculator node to fix it
2019-11-30 16:20:18,094 : WARN  : KNIME-Worker-24 :  : Node : RowID : 2:338:0:280:10 : No row key column selected generate a new one
2019-11-30 16:20:18,098 : WARN  : KNIME-Worker-24 :  : Node : RowID : 2:338:0:280:11 : No row key column selected generate a new one
2019-11-30 16:20:18,806 : WARN  : KNIME-Worker-22 :  : Node : Tree Ensemble Learner : 2:338:0:280:194 : 13 column(s) were ignored due to missing domain information: ["Var192", "Var197", "Var198", "Var199", ...] -- change the node configuration or use a Domain Calculator node to fix it
2019-11-30 16:20:18,826 : WARN  : KNIME-Worker-22 :  : Node : RowID : 2:338:0:280:11 : No row key column selected generate a new one
2019-11-30 16:40:57,881 : WARN  : ModalContext :  : Node : File Reader : 2:169:5 : Can't access 'knime://knime.workflow/KDD_data/smallDataSet/orange_small_train_.labels'. (C:\Users\casa\AppData\Local\Temp\knime_temp_space_casa_23967\02_Techniques_for_Dimensionality_Reduction23969\02_Techniques_for_Dimensionality_Reduction\KDD_data\smallDataSet\orange_small_train_.labels (The system cannot find the file specified))
2019-11-30 16:41:03,298 : WARN  : ModalContext :  : Node : File Reader : 4:169:5 : Can't access 'knime://knime.workflow/KDD_data/smallDataSet/orange_small_train_.labels'. (C:\Users\casa\AppData\Local\Temp\knime_temp_space_casa_23967\02_Techniques_for_Dimensionality_Reduction23970\02_Techniques_for_Dimensionality_Reduction\KDD_data\smallDataSet\orange_small_train_.labels (The system cannot find the file specified))
2019-11-30 16:42:21,949 : WARN  : KNIME-Worker-6 :  : Node : Tree Ensemble Learner : 4:338:0:280:193 : 13 column(s) were ignored due to missing domain information: ["Var192", "Var197", "Var198", "Var199", ...] -- change the node configuration or use a Domain Calculator node to fix it
2019-11-30 16:42:22,003 : WARN  : KNIME-Worker-6 :  : Node : Tree Ensemble Learner : 4:338:0:280:194 : 13 column(s) were ignored due to missing domain information: ["Var192", "Var197", "Var198", "Var199", ...] -- change the node configuration or use a Domain Calculator node to fix it
2019-11-30 16:42:22,005 : WARN  : KNIME-Worker-6 :  : Node : RowID : 4:338:0:280:10 : No row key column selected generate a new one
2019-11-30 16:42:22,007 : WARN  : KNIME-Worker-6 :  : Node : RowID : 4:338:0:280:11 : No row key column selected generate a new one
2019-11-30 16:42:24,004 : WARN  : KNIME-Worker-6 :  : Node : Missing Value : 4:362:0:328 : The current settings use missing value handling methods that cannot be represented in PMML 4.2
2019-11-30 16:42:28,297 : WARN  : KNIME-Worker-6 :  : Node : Normalizer (Apply) : 4:362:0:327 : Normalized value is out of bounds. Original value: 1245440.0 Transformed value: 2.1487774411494747 Upper Bound: 1.0
2019-11-30 16:42:36,951 : WARN  : KNIME-Worker-21 :  : Node : Naive Bayes Learner : 4:362:0:350:0:253 : The following attributes are skipped: Var202/Too many values, Var217/Too many values, Var198/Too many values, Var220/Too many values, ...(see node view)
2019-11-30 16:42:55,188 : WARN  : KNIME-Worker-12 :  : Node : Normalizer (Apply) : 4:362:0:0:0:334 : Normalized value is out of bounds. Original value: -0.5775976362609451 Transformed value: -0.0017935079828084177 Lower Bound: 0.0
2019-11-30 16:42:56,901 : WARN  : KNIME-Worker-21 :  : Node : Scorer : 4:362:0:0:0:288:265 : There were missing values in the reference or in the prediction class columns.
2019-11-30 16:47:11,425 : WARN  : main :  : Node : Partitioning : 0:363:0:12 : Column 'Target' for stratified sampling does not exist
2019-11-30 16:47:18,818 : WARN  : KNIME-Worker-25 :  : Node : Partitioning : 0:363:0:12 : Column 'Target' for stratified sampling does not exist
2019-11-30 16:47:18,821 : WARN  : KNIME-Worker-24 :  : Node : Partitioning : 0:363:0:12 : Column 'Target' for stratified sampling does not exist
2019-11-30 16:48:06,487 : WARN  : KNIME-Worker-24 :  : Node : Tree Ensemble Learner : 2:338:0:280:193 : 13 column(s) were ignored due to missing domain information: ["Var192", "Var197", "Var198", "Var199", ...] -- change the node configuration or use a Domain Calculator node to fix it
2019-11-30 16:48:06,491 : WARN  : KNIME-Worker-24 :  : Node : Tree Ensemble Learner : 2:338:0:280:194 : 13 column(s) were ignored due to missing domain information: ["Var192", "Var197", "Var198", "Var199", ...] -- change the node configuration or use a Domain Calculator node to fix it
2019-11-30 16:48:06,493 : WARN  : KNIME-Worker-24 :  : Node : RowID : 2:338:0:280:10 : No row key column selected generate a new one
2019-11-30 16:48:06,494 : WARN  : KNIME-Worker-24 :  : Node : RowID : 2:338:0:280:11 : No row key column selected generate a new one
2019-11-30 16:48:08,436 : WARN  : KNIME-Worker-39 :  : Node : Missing Value : 2:362:0:328 : The current settings use missing value handling methods that cannot be represented in PMML 4.2
2019-11-30 16:48:12,290 : WARN  : KNIME-Worker-23 :  : Node : Normalizer (Apply) : 2:362:0:327 : Normalized value is out of bounds. Original value: 1245440.0 Transformed value: 2.1487774411494747 Upper Bound: 1.0
2019-11-30 16:48:20,463 : WARN  : KNIME-Worker-40 :  : Node : Naive Bayes Learner : 2:362:0:350:0:253 : The following attributes are skipped: Var202/Too many values, Var217/Too many values, Var198/Too many values, Var220/Too many values, ...(see node view)
2019-11-30 16:48:37,878 : WARN  : KNIME-Worker-39 :  : Node : Normalizer (Apply) : 2:362:0:0:0:334 : Normalized value is out of bounds. Original value: -0.5775976362609451 Transformed value: -0.0017935079828084177 Lower Bound: 0.0
2019-11-30 16:48:39,214 : WARN  : KNIME-Worker-40 :  : Node : Scorer : 2:362:0:0:0:288:265 : There were missing values in the reference or in the prediction class columns.
2019-11-30 16:49:08,153 : WARN  : main :  : Node : Partitioning : 0:363:0:12 : Column 'Target' for stratified sampling does not exist
2019-11-30 16:49:09,626 : WARN  : KNIME-Worker-24 :  : Node : Partitioning : 0:363:0:12 : Column 'Target' for stratified sampling does not exist
2019-11-30 16:49:09,628 : WARN  : KNIME-Worker-32 :  : Node : Partitioning : 0:363:0:12 : Column 'Target' for stratified sampling does not exist
2019-11-30 16:49:58,641 : WARN  : main :  : Node : Partitioning : 0:363:0:12 : Column 'Target' for stratified sampling does not exist
2019-11-30 16:49:59,794 : WARN  : KNIME-Worker-31 :  : Node : Partitioning : 0:363:0:12 : Column 'Target' for stratified sampling does not exist
2019-11-30 16:49:59,796 : WARN  : KNIME-Worker-39 :  : Node : Partitioning : 0:363:0:12 : Column 'Target' for stratified sampling does not exist
2019-11-30 16:50:04,980 : WARN  : KNIME-Worker-37 :  : Node : Partitioning : 0:363:0:12 : Column 'Target' for stratified sampling does not exist
2019-11-30 16:50:04,981 : WARN  : KNIME-Worker-28 :  : Node : Partitioning : 0:363:0:12 : Column 'Target' for stratified sampling does not exist
2019-11-30 16:50:04,984 : WARN  : KNIME-Worker-36 :  : Node : Partitioning : 0:363:0:12 : Column 'Target' for stratified sampling does not exist
2019-11-30 16:50:21,133 : WARN  : KNIME-Worker-39 :  : Node : Partitioning : 0:363:0:12 : Column 'Target' for stratified sampling does not exist
2019-11-30 16:50:21,134 : WARN  : KNIME-Worker-41 :  : Node : Partitioning : 0:363:0:12 : Column 'Target' for stratified sampling does not exist
2019-11-30 16:50:21,137 : WARN  : KNIME-Worker-28 :  : Node : Partitioning : 0:363:0:12 : Column 'Target' for stratified sampling does not exist
2019-11-30 16:52:58,043 : WARN  : main :  : Node : Equal Size Sampling : 0:363:0:180 : No column "Target" in input data
2019-11-30 16:53:04,796 : WARN  : main :  : Node : Equal Size Sampling : 0:363:0:180 : No column "Target" in input data
2019-11-30 16:53:08,669 : WARN  : KNIME-Worker-45 :  : Node : Equal Size Sampling : 0:363:0:180 : No column "Target" in input data
2019-11-30 16:53:08,680 : WARN  : KNIME-Worker-46 :  : Node : Equal Size Sampling : 0:363:0:180 : No column "Target" in input data
2019-11-30 16:53:08,692 : WARN  : KNIME-Worker-47 :  : Node : Equal Size Sampling : 0:363:0:180 : No column "Target" in input data
2019-11-30 16:53:08,693 : WARN  : KNIME-Worker-43 :  : Node : Equal Size Sampling : 0:363:0:180 : No column "Target" in input data
2019-11-30 16:53:08,719 : WARN  : KNIME-Worker-58 :  : Node : Normalizer (Apply) : 0:363:0:327 : Normalized value is out of bounds. Original value: 500000.0 Transformed value: 1.2631578947368423 Upper Bound: 1.0
2019-11-30 16:55:32,604 : WARN  : main :  : Node : Equal Size Sampling : 0:363:0:180 : No column "Target" in input data
2019-11-30 16:55:44,487 : WARN  : main :  : Node : PCA Apply : 0:363:0:342:341 : The number of dimensions to project to must be less than or equal 4
2019-11-30 16:55:49,382 : WARN  : main :  : Node : PCA Apply : 0:363:0:342:341 : The number of dimensions to project to must be less than or equal 4
2019-11-30 16:55:51,373 : WARN  : KNIME-Worker-67 :  : Node : PCA Apply : 0:363:0:342:341 : The number of dimensions to project to must be less than or equal 4
2019-11-30 16:55:51,379 : WARN  : KNIME-Worker-68 :  : Node : PCA Apply : 0:363:0:342:341 : The number of dimensions to project to must be less than or equal 4
2019-11-30 16:55:51,417 : WARN  : KNIME-Worker-66 :  : Node : PCA Apply : 0:363:0:343:341 : The number of dimensions to project to must be less than or equal 4
2019-11-30 16:55:51,421 : WARN  : KNIME-Worker-69 :  : Node : Normalizer (Apply) : 0:363:0:327 : Normalized value is out of bounds. Original value: 500000.0 Transformed value: 1.2631578947368423 Upper Bound: 1.0
2019-11-30 16:55:51,421 : WARN  : KNIME-Worker-69 :  : Node : PCA Apply : 0:363:0:343:341 : The number of dimensions to project to must be less than or equal 4
2019-11-30 16:56:18,191 : WARN  : main :  : Node : PCA Apply : 0:363:0:343:341 : The number of dimensions to project to must be less than or equal 4
2019-11-30 16:56:20,019 : WARN  : KNIME-Worker-70 :  : Node : Normalizer (Apply) : 0:363:0:327 : Normalized value is out of bounds. Original value: 500000.0 Transformed value: 1.2631578947368423 Upper Bound: 1.0
2019-11-30 16:56:20,020 : WARN  : KNIME-Worker-70 :  : Node : PCA Apply : 0:363:0:343:341 : The number of dimensions to project to must be less than or equal 4
2019-11-30 16:57:21,760 : WARN  : main :  : Node : PCA Apply : 0:363:0:342:341 : The number of dimensions to project to must be less than or equal 4
2019-11-30 16:57:28,480 : WARN  : KNIME-Worker-71 :  : Node : PCA Apply : 0:363:0:342:341 : The number of dimensions to project to must be less than or equal 4
2019-11-30 16:57:28,508 : WARN  : KNIME-Worker-75 :  : Node : PCA Apply : 0:363:0:342:341 : The number of dimensions to project to must be less than or equal 4
2019-11-30 16:57:28,518 : WARN  : KNIME-Worker-77 :  : Node : PCA Apply : 0:363:0:342:341 : The number of dimensions to project to must be less than or equal 4
2019-11-30 16:57:28,561 : WARN  : KNIME-Worker-74 :  : Node : PCA Apply : 0:363:0:343:341 : The number of dimensions to project to must be less than or equal 4
2019-11-30 16:57:28,565 : WARN  : KNIME-Worker-76 :  : Node : Normalizer (Apply) : 0:363:0:327 : Normalized value is out of bounds. Original value: 500000.0 Transformed value: 1.2631578947368423 Upper Bound: 1.0
2019-11-30 16:57:28,566 : WARN  : KNIME-Worker-76 :  : Node : PCA Apply : 0:363:0:343:341 : The number of dimensions to project to must be less than or equal 4
2019-11-30 16:57:28,567 : WARN  : KNIME-Worker-73 :  : Node : PCA Apply : 0:363:0:342:341 : The number of dimensions to project to must be less than or equal 4
2019-11-30 16:57:28,567 : WARN  : KNIME-Worker-73 :  : Node : PCA Apply : 0:363:0:343:341 : The number of dimensions to project to must be less than or equal 4
2019-11-30 16:57:31,448 : WARN  : main :  : Node : PCA Apply : 0:363:0:342:341 : The number of dimensions to project to must be less than or equal 4
2019-11-30 16:57:33,374 : WARN  : KNIME-Worker-83 :  : Node : PCA Apply : 0:363:0:342:341 : The number of dimensions to project to must be less than or equal 4
2019-11-30 16:57:33,377 : WARN  : KNIME-Worker-78 :  : Node : PCA Apply : 0:363:0:342:341 : The number of dimensions to project to must be less than or equal 4
2019-11-30 16:57:33,412 : WARN  : KNIME-Worker-79 :  : Node : PCA Apply : 0:363:0:343:341 : The number of dimensions to project to must be less than or equal 4
2019-11-30 16:57:33,416 : WARN  : KNIME-Worker-81 :  : Node : Normalizer (Apply) : 0:363:0:327 : Normalized value is out of bounds. Original value: 500000.0 Transformed value: 1.2631578947368423 Upper Bound: 1.0
2019-11-30 16:57:33,416 : WARN  : KNIME-Worker-81 :  : Node : PCA Apply : 0:363:0:343:341 : The number of dimensions to project to must be less than or equal 4
2019-11-30 16:57:33,417 : WARN  : KNIME-Worker-85 :  : Node : PCA Apply : 0:363:0:342:341 : The number of dimensions to project to must be less than or equal 4
2019-11-30 16:57:33,417 : WARN  : KNIME-Worker-85 :  : Node : PCA Apply : 0:363:0:343:341 : The number of dimensions to project to must be less than or equal 4
2019-11-30 17:22:17,979 : WARN  : main :  : Node : PCA Apply : 0:363:0:342:341 : The number of dimensions to project to must be less than or equal 4
2019-11-30 17:22:20,075 : WARN  : KNIME-Worker-89 :  : Node : PCA Apply : 0:363:0:342:341 : The number of dimensions to project to must be less than or equal 4
